<?xml version="1.0" encoding="UTF-8"?>
<!-- Generated by org.testng.reporters.JUnitReportReporter -->
<testsuite hostname="VigneshBoyapati" name="SeleniumProject.Practice.AppTest" tests="1" failures="0" timestamp="15 Jun 2019 12:08:47 GMT" time="0.006" errors="0">
  <testcase name="testEasy" time="0.006" classname="SeleniumProject.Practice.AppTest"/>
</testsuite> <!-- SeleniumProject.Practice.AppTest -->
