<?xml version="1.0" encoding="UTF-8"?>
<!-- Generated by org.testng.reporters.JUnitReportReporter -->
<testsuite skipped="0" hostname="VigneshBoyapati" name="SeleniumProject.Practice.NewTest" tests="1" failures="0" timestamp="15 Jun 2019 19:13:32 GMT" time="17.864" errors="0">
  <testcase name="testEasy" time="17.864" classname="SeleniumProject.Practice.NewTest"/>
</testsuite> <!-- SeleniumProject.Practice.NewTest -->
