<?xml version="1.0" encoding="UTF-8"?>
<!-- Generated by org.testng.reporters.JUnitReportReporter -->
<testsuite hostname="VigneshBoyapati" name="SeleniumProject.Practice.NewTest" tests="1" failures="0" timestamp="15 Jun 2019 12:09:53 GMT" time="0.000" errors="0">
  <testcase name="testEasy" time="0.000" classname="SeleniumProject.Practice.NewTest"/>
</testsuite> <!-- SeleniumProject.Practice.NewTest -->
